<?xml version="1.0" encoding="UTF-8"?>
<!-- Generated by org.testng.reporters.JUnitXMLReporter -->
<testsuite hostname="LAPTOP-G176N8GQ" ignored="1" name="Login Test" tests="1" failures="0" timestamp="2022-12-12T10:22:03 GMT" time="8.504" errors="0">
  <testcase name="userShouldNavigateToForgotPasswordPageSuccessfully" time="0.906" classname="com.orangehrmlive.demo.testsuite.LoginPageTest"/>
  <testcase name="userShouldLoginSuccessfullyWithValidCredentials" time="0.0" classname="com.orangehrmlive.demo.testsuite.LoginPageTest">
    <ignored/>
  </testcase> <!-- userShouldLoginSuccessfullyWithValidCredentials -->
</testsuite> <!-- Login Test -->
