<?xml version="1.0" encoding="UTF-8"?>
<!-- Generated by org.testng.reporters.JUnitXMLReporter -->
<testsuite hostname="LAPTOP-G176N8GQ" ignored="1" name="Login Test" tests="1" failures="0" timestamp="2022-12-12T10:17:13 GMT" time="9.987" errors="0">
  <testcase name="userShouldLoginSuccessfullyWithValidCredentials" time="1.788" classname="com.orangehrmlive.demo.testsuite.LoginPageTest"/>
  <testcase name="userShouldNavigateToForgotPasswordPageSuccessfully" time="0.0" classname="com.orangehrmlive.demo.testsuite.LoginPageTest">
    <ignored/>
  </testcase> <!-- userShouldNavigateToForgotPasswordPageSuccessfully -->
</testsuite> <!-- Login Test -->
