<?xml version="1.0" encoding="UTF-8"?>
<!-- Generated by org.testng.reporters.JUnitXMLReporter -->
<testsuite hostname="LAPTOP-G176N8GQ" ignored="0" name="Login Test" tests="2" failures="0" timestamp="2022-12-12T10:56:53 GMT" time="32.366" errors="0">
  <testcase name="userShouldLoginSuccessfullyWithValidCredentials" time="2.653" classname="com.orangehrmlive.demo.testsuite.LoginPageTest"/>
  <testcase name="userShouldNavigateToForgotPasswordPageSuccessfully" time="0.835" classname="com.orangehrmlive.demo.testsuite.LoginPageTest"/>
</testsuite> <!-- Login Test -->
