<?xml version="1.0" encoding="UTF-8"?>
<testsuite name="Login Test"
           tests="2"
           failures="0"
           errors="0"
           skipped="0"
           time="3.488">
  <properties />
  
  
            <testcase name="userShouldLoginSuccessfullyWithValidCredentials" time="2.653" classname="com.orangehrmlive.demo.testsuite.LoginPageTest" />
                <testcase name="userShouldNavigateToForgotPasswordPageSuccessfully" time="0.835" classname="com.orangehrmlive.demo.testsuite.LoginPageTest" />
      
</testsuite>
