<?xml version="1.0" encoding="UTF-8"?>
<!-- Generated by org.testng.reporters.JUnitXMLReporter -->
<testsuite hostname="LAPTOP-G176N8GQ" ignored="0" name="Login Test" tests="2" failures="0" timestamp="2022-12-12T10:55:06 GMT" time="13.028" errors="0">
  <testcase name="userShouldLoginSuccessfullyWithValidCredentials" time="1.511" classname="com.orangehrmlive.demo.testsuite.LoginPageTest"/>
  <testcase name="userShouldNavigateToForgotPasswordPageSuccessfully" time="0.901" classname="com.orangehrmlive.demo.testsuite.LoginPageTest"/>
</testsuite> <!-- Login Test -->
